C:\Users\admin\Desktop\KRBO-01-16\Lab_1-master\Logical\Global.typ
C:\Users\admin\Desktop\KRBO-01-16\Lab_1-master\Logical\Global.var
C:\Users\admin\Desktop\KRBO-01-16\Lab_1-master\Logical\Libraries\Runtime\runtime.fun
C:\Users\admin\Desktop\KRBO-01-16\Lab_1-master\Logical\Libraries\Runtime\runtime.typ
C:\Users\admin\Desktop\KRBO-01-16\Lab_1-master\Logical\Libraries\Runtime\runtime.var
C:\Users\admin\Desktop\KRBO-01-16\Lab_1-master\Logical\Libraries\Operator\operator.fun
C:\Users\admin\Desktop\KRBO-01-16\Lab_1-master\Logical\Libraries\Operator\operator.typ
C:\Users\admin\Desktop\KRBO-01-16\Lab_1-master\Logical\Libraries\Operator\operator.var
C:\Users\admin\Desktop\KRBO-01-16\Lab_1-master\Logical\Libraries\AsIecCon\AsIecCon.fun
C:\Users\admin\Desktop\KRBO-01-16\Lab_1-master\Logical\Libraries\AsIecCon\AsIecCon.typ
C:\Users\admin\Desktop\KRBO-01-16\Lab_1-master\Logical\Libraries\AsIecCon\AsIecCon.var
C:\Users\admin\Desktop\KRBO-01-16\Lab_1-master\Logical\Libraries\astime\astime.fun
C:\Users\admin\Desktop\KRBO-01-16\Lab_1-master\Logical\Libraries\astime\astime.typ
C:\Users\admin\Desktop\KRBO-01-16\Lab_1-master\Logical\Libraries\astime\astime.var
C:\Users\admin\Desktop\KRBO-01-16\Lab_1-master\Logical\Libraries\sys_lib\sys_lib.fun
C:\Users\admin\Desktop\KRBO-01-16\Lab_1-master\Logical\Libraries\sys_lib\sys_lib.typ
C:\Users\admin\Desktop\KRBO-01-16\Lab_1-master\Logical\Libraries\sys_lib\sys_lib.var
C:\Users\admin\Desktop\KRBO-01-16\Lab_1-master\Logical\Libraries\asstring\asstring.fun
C:\Users\admin\Desktop\KRBO-01-16\Lab_1-master\Logical\Libraries\asstring\asstring.typ
C:\Users\admin\Desktop\KRBO-01-16\Lab_1-master\Logical\Libraries\asstring\asstring.var
C:\Users\admin\Desktop\KRBO-01-16\Lab_1-master\Logical\Libraries\MotrContr\Types.typ
C:\Users\admin\Desktop\KRBO-01-16\Lab_1-master\Logical\Libraries\MotrContr\Constants.var
C:\Users\admin\Desktop\KRBO-01-16\Lab_1-master\Logical\Libraries\MotrContr\MotrContr.fun
C:\Users\admin\Desktop\KRBO-01-16\Lab_1-master\Logical\Libraries\Acp10sdc\acp10sdc.var
C:\Users\admin\Desktop\KRBO-01-16\Lab_1-master\Logical\Libraries\Acp10sdc\acp10sdc.typ
C:\Users\admin\Desktop\KRBO-01-16\Lab_1-master\Logical\Libraries\Acp10man\Acp10man.typ
C:\Users\admin\Desktop\KRBO-01-16\Lab_1-master\Logical\Libraries\Acp10par\Acp10par.var
C:\Users\admin\Desktop\KRBO-01-16\Lab_1-master\Logical\Libraries\NcGlobal\NcGlobal.fun
C:\Users\admin\Desktop\KRBO-01-16\Lab_1-master\Logical\Libraries\NcGlobal\NcGlobal.typ
C:\Users\admin\Desktop\KRBO-01-16\Lab_1-master\Logical\Libraries\NcGlobal\NcGlobal.var
